<?xml version="1.0" encoding="UTF-8"?>
<!-- Generated by org.testng.reporters.JUnitReportReporter -->
<testsuite hostname="Dell-PC" name="com.Nopcommerce.TestSuit" tests="1" failures="0" timestamp="22 Apr 2017 15:38:35 GMT" time="26.173" errors="0">
  <testcase name="userShouldAbleToRegisterSuccessfullyAndLoginSuccessfully" time="26.173" classname="com.Nopcommerce.TestSuit"/>
</testsuite> <!-- com.Nopcommerce.TestSuit -->
